0 info it worked if it ends with ok
1 verbose cli [ 'C:\\Program Files (x86)\\nodejs\\node.exe',
1 verbose cli   'C:\\Program Files (x86)\\nodejs\\node_modules\\npm\\bin\\npm-cli.js',
1 verbose cli   'run',
1 verbose cli   'test' ]
2 info using npm@3.10.10
3 info using node@v6.11.0
4 verbose run-script [ 'pretest', 'test', 'posttest' ]
5 info lifecycle oopconcepts@1.0.0~pretest: oopconcepts@1.0.0
6 silly lifecycle oopconcepts@1.0.0~pretest: no script for pretest, continuing
7 info lifecycle oopconcepts@1.0.0~test: oopconcepts@1.0.0
8 verbose lifecycle oopconcepts@1.0.0~test: unsafe-perm in lifecycle true
9 verbose lifecycle oopconcepts@1.0.0~test: PATH: C:\Program Files (x86)\nodejs\node_modules\npm\bin\node-gyp-bin;C:\users\user\git\andelachallenge2\oop concepts\node_modules\.bin;C:\Users\USER\bin;C:\Program Files\Git\mingw64\bin;C:\Program Files\Git\usr\local\bin;C:\Program Files\Git\usr\bin;C:\Program Files\Git\usr\bin;C:\Program Files\Git\mingw64\bin;C:\Program Files\Git\usr\bin;C:\Users\USER\bin;C:\Program Files\Docker\Docker\Resources\bin;C:\ProgramData\Oracle\Java\javapath;C:\Program Files\Microsoft MPI\Bin;C:\Program Files (x86)\ActiveState Komodo Edit 10;C:\WINDOWS\system32;C:\WINDOWS;C:\WINDOWS\System32\Wbem;C:\WINDOWS\System32\WindowsPowerShell\v1.0;C:\Program Files (x86)\nodejs;C:\Program Files\Microsoft SQL Server\130\Tools\Binn;C:\Program Files\dotnet;C:\Program Files\Anaconda3;C:\Program Files\Anaconda3\Scripts;C:\Program Files\Anaconda3\Library\bin;C:\Program Files (x86)\Brackets\command;C:\Program Files\Git\cmd;C:\xampp\php;C:\composer;C:\Program Files\MySQL\MySQL Utilities 1.6;C:\Program Files\PostgreSQL\10\bin;C:\Program Files\PostgreSQL\9.6\bin;C:\Users\USER\AppData\Roaming\npm;C:\Program Files (x86)\Microsoft VS Code\bin;C:\Users\USER\AppData\Local\Microsoft\WindowsApps;C:\Users\USER\AppData\Roaming\Composer\vendor\bin;C:\Program Files\Docker Toolbox;C:\Program Files\Git\usr\bin\vendor_perl;C:\Program Files\Git\usr\bin\core_perl
10 verbose lifecycle oopconcepts@1.0.0~test: CWD: C:\users\user\git\andelachallenge2\oop concepts
11 silly lifecycle oopconcepts@1.0.0~test: Args: [ '/d /s /c', 'mocha lib/test.js' ]
12 silly lifecycle oopconcepts@1.0.0~test: Returned: code: 1  signal: null
13 info lifecycle oopconcepts@1.0.0~test: Failed to exec test script
14 verbose stack Error: oopconcepts@1.0.0 test: `mocha lib/test.js`
14 verbose stack Exit status 1
14 verbose stack     at EventEmitter.<anonymous> (C:\Program Files (x86)\nodejs\node_modules\npm\lib\utils\lifecycle.js:255:16)
14 verbose stack     at emitTwo (events.js:106:13)
14 verbose stack     at EventEmitter.emit (events.js:191:7)
14 verbose stack     at ChildProcess.<anonymous> (C:\Program Files (x86)\nodejs\node_modules\npm\lib\utils\spawn.js:40:14)
14 verbose stack     at emitTwo (events.js:106:13)
14 verbose stack     at ChildProcess.emit (events.js:191:7)
14 verbose stack     at maybeClose (internal/child_process.js:891:16)
14 verbose stack     at Process.ChildProcess._handle.onexit (internal/child_process.js:226:5)
15 verbose pkgid oopconcepts@1.0.0
16 verbose cwd C:\users\user\git\andelachallenge2\oop concepts
17 error Windows_NT 10.0.15063
18 error argv "C:\\Program Files (x86)\\nodejs\\node.exe" "C:\\Program Files (x86)\\nodejs\\node_modules\\npm\\bin\\npm-cli.js" "run" "test"
19 error node v6.11.0
20 error npm  v3.10.10
21 error code ELIFECYCLE
22 error oopconcepts@1.0.0 test: `mocha lib/test.js`
22 error Exit status 1
23 error Failed at the oopconcepts@1.0.0 test script 'mocha lib/test.js'.
23 error Make sure you have the latest version of node.js and npm installed.
23 error If you do, this is most likely a problem with the oopconcepts package,
23 error not with npm itself.
23 error Tell the author that this fails on your system:
23 error     mocha lib/test.js
23 error You can get information on how to open an issue for this project with:
23 error     npm bugs oopconcepts
23 error Or if that isn't available, you can get their info via:
23 error     npm owner ls oopconcepts
23 error There is likely additional logging output above.
24 verbose exit [ 1, true ]
